<?xml version="1.0" encoding="UTF-8"?>
<robot generator="Robot 7.2.2 (Python 3.13.3 on win32)" generated="2025-07-03T19:03:41.451894" rpa="false" schemaversion="5">
<suite id="s1" name="Tests Suite Front" source="C:\Users\breme\OneDrive\Área de Trabalho\ChallengeFinal-Compass\ChallengeFinal-Compass\frontend-tests\tests_suite_front.robot">
<kw name="Abrir Navegador" owner="base" type="SETUP">
<kw name="New Browser" owner="Browser">
<msg time="2025-07-03T19:03:41.820451" level="INFO">{"browser": "chromium", "headless": false, "chromiumSandbox": false, "devtools": false, "handleSIGHUP": true, "handleSIGINT": true, "handleSIGTERM": true, "slowMo": 0.0, "timeout": 30000.0, "tracesDir": "C:\\Users\\breme\\OneDrive\\\u00c1rea de Trabalho\\ChallengeFinal-Compass\\ChallengeFinal-Compass\\frontend-tests\\results\\browser\\traces\\temp\\e4995665-a5fa-4ee3-9def-0f715acfbc69"}</msg>
<msg time="2025-07-03T19:03:41.863908" level="INFO">Starting Browser process C:\Users\breme\AppData\Roaming\Python\Python313\site-packages\Browser\wrapper\index.js using at 127.0.0.1:51951</msg>
<msg time="2025-07-03T19:03:43.421927" level="INFO">Successfully created browser with options: {"browser":"chromium","headless":false,"chromiumSandbox":false,"devtools":false,"handleSIGHUP":true,"handleSIGINT":true,"handleSIGTERM":true,"slowMo":0,"timeout":30000,"tracesDir":"C:\\Users\\breme\\OneDrive\\Área de Trabalho\\ChallengeFinal-Compass\\ChallengeFinal-Compass\\frontend-tests\\results\\browser\\traces\\temp\\e4995665-a5fa-4ee3-9def-0f715acfbc69"}</msg>
<arg>headless=false</arg>
<tag>BrowserControl</tag>
<tag>Setter</tag>
<doc>Create a new playwright Browser with specified options.</doc>
<status status="PASS" start="2025-07-03T19:03:41.819546" elapsed="1.602809"/>
</kw>
<kw name="New Page" owner="Browser">
<msg time="2025-07-03T19:03:44.103471" level="INFO">Successfully initialized new page object and opened url: http://localhost:3002</msg>
<msg time="2025-07-03T19:03:44.103584" level="INFO">No context was open. New context was automatically opened when this page is created.</msg>
<arg>${BASE_URL}</arg>
<tag>BrowserControl</tag>
<tag>Setter</tag>
<doc>Open a new Page.</doc>
<status status="PASS" start="2025-07-03T19:03:43.422830" elapsed="0.680949"/>
</kw>
<status status="PASS" start="2025-07-03T19:03:41.818768" elapsed="2.285195"/>
</kw>
<test id="s1-t1" name="Cenário 01: Fazer um cadastro de um usuário comum" line="14">
<kw name="Ir Para Página De Cadastro" owner="users_keywords">
<kw name="Go To" owner="Browser">
<msg time="2025-07-03T19:03:44.367568" level="INFO">Successfully opened URL http://localhost:3002/register</msg>
<arg>${BASE_URL}/register</arg>
<tag>BrowserControl</tag>
<tag>Setter</tag>
<doc>Navigates to the given ``url``.</doc>
<status status="PASS" start="2025-07-03T19:03:44.234456" elapsed="0.133425"/>
</kw>
<status status="PASS" start="2025-07-03T19:03:44.232890" elapsed="0.135228"/>
</kw>
<kw name="Preencher Formulário De Cadastro" owner="users_keywords">
<kw name="Fill Text" owner="Browser">
<msg time="2025-07-03T19:03:44.371238" level="INFO">Fills the text 'Usuário Teste' in the given field.</msg>
<arg>input#name</arg>
<arg>Usuário Teste</arg>
<tag>PageContent</tag>
<tag>Setter</tag>
<doc>Clears and fills the given ``txt`` into the text field found by ``selector``.</doc>
<status status="PASS" start="2025-07-03T19:03:44.370362" elapsed="0.109242"/>
</kw>
<kw name="Fill Text" owner="Browser">
<msg time="2025-07-03T19:03:44.480926" level="INFO">Fills the text 'teste_qa@email.com' in the given field.</msg>
<arg>input#email</arg>
<arg>teste_qa@email.com</arg>
<tag>PageContent</tag>
<tag>Setter</tag>
<doc>Clears and fills the given ``txt`` into the text field found by ``selector``.</doc>
<status status="PASS" start="2025-07-03T19:03:44.479947" elapsed="0.024399"/>
</kw>
<kw name="Fill Text" owner="Browser">
<msg time="2025-07-03T19:03:44.505307" level="INFO">Fills the text '123456' in the given field.</msg>
<arg>input#password</arg>
<arg>123456</arg>
<tag>PageContent</tag>
<tag>Setter</tag>
<doc>Clears and fills the given ``txt`` into the text field found by ``selector``.</doc>
<status status="PASS" start="2025-07-03T19:03:44.504625" elapsed="0.023179"/>
</kw>
<kw name="Fill Text" owner="Browser">
<msg time="2025-07-03T19:03:44.528814" level="INFO">Fills the text '123456' in the given field.</msg>
<arg>input#confirmPassword</arg>
<arg>123456</arg>
<tag>PageContent</tag>
<tag>Setter</tag>
<doc>Clears and fills the given ``txt`` into the text field found by ``selector``.</doc>
<status status="PASS" start="2025-07-03T19:03:44.528132" elapsed="0.017588"/>
</kw>
<status status="PASS" start="2025-07-03T19:03:44.369616" elapsed="0.176230"/>
</kw>
<kw name="Enviar Cadastro" owner="users_keywords">
<kw name="Click" owner="Browser">
<msg time="2025-07-03T19:03:44.547409" level="INFO">Clicks the element 'button[type="submit"]'.</msg>
<arg>button[type="submit"]</arg>
<tag>PageContent</tag>
<tag>Setter</tag>
<doc>Simulates mouse click on the element found by ``selector``.</doc>
<status status="PASS" start="2025-07-03T19:03:44.546775" elapsed="0.070827"/>
</kw>
<status status="PASS" start="2025-07-03T19:03:44.546280" elapsed="0.071488"/>
</kw>
<kw name="Verificar Mensagem De Sucesso" owner="users_keywords">
<kw name="Wait For Elements State" owner="Browser">
<msg time="2025-07-03T19:03:44.833136" level="INFO">Waited for Element with selector text=Conta criada com sucesso! at state visible</msg>
<arg>text=Conta criada com sucesso!</arg>
<arg>visible</arg>
<arg>timeout=5s</arg>
<tag>PageContent</tag>
<tag>Wait</tag>
<doc>Waits for the element found by ``selector`` to satisfy state option.</doc>
<status status="PASS" start="2025-07-03T19:03:44.618767" elapsed="0.214584"/>
</kw>
<status status="PASS" start="2025-07-03T19:03:44.618228" elapsed="0.215275"/>
</kw>
<status status="PASS" start="2025-07-03T19:03:44.104093" elapsed="0.729767"/>
</test>
<test id="s1-t2" name="Cenário 02: Realizar o login desse usuário" line="20">
<kw name="Ir Para Página De Login" owner="users_keywords">
<kw name="Go To" owner="Browser">
<msg time="2025-07-03T19:03:45.187497" level="INFO">Successfully opened URL http://localhost:3002/login</msg>
<arg>${BASE_URL}/login</arg>
<tag>BrowserControl</tag>
<tag>Setter</tag>
<doc>Navigates to the given ``url``.</doc>
<status status="PASS" start="2025-07-03T19:03:44.849893" elapsed="0.338016"/>
</kw>
<status status="PASS" start="2025-07-03T19:03:44.849457" elapsed="0.338673"/>
</kw>
<kw name="Preencher Formulário De Login" owner="users_keywords">
<kw name="Fill Text" owner="Browser">
<msg time="2025-07-03T19:03:45.190247" level="INFO">Fills the text 'teste_qa@email.com' in the given field.</msg>
<arg>input#email</arg>
<arg>teste_qa@email.com</arg>
<tag>PageContent</tag>
<tag>Setter</tag>
<doc>Clears and fills the given ``txt`` into the text field found by ``selector``.</doc>
<status status="PASS" start="2025-07-03T19:03:45.189234" elapsed="0.042693"/>
</kw>
<kw name="Fill Text" owner="Browser">
<msg time="2025-07-03T19:03:45.233145" level="INFO">Fills the text '123456' in the given field.</msg>
<arg>input#password</arg>
<arg>123456</arg>
<tag>PageContent</tag>
<tag>Setter</tag>
<doc>Clears and fills the given ``txt`` into the text field found by ``selector``.</doc>
<status status="PASS" start="2025-07-03T19:03:45.232252" elapsed="0.016424"/>
</kw>
<status status="PASS" start="2025-07-03T19:03:45.188720" elapsed="0.060144"/>
</kw>
<kw name="Enviar Login" owner="users_keywords">
<kw name="Click" owner="Browser">
<msg time="2025-07-03T19:03:45.250390" level="INFO">Clicks the element 'button[type="submit"]'.</msg>
<arg>button[type="submit"]</arg>
<tag>PageContent</tag>
<tag>Setter</tag>
<doc>Simulates mouse click on the element found by ``selector``.</doc>
<status status="PASS" start="2025-07-03T19:03:45.249805" elapsed="0.065931"/>
</kw>
<status status="PASS" start="2025-07-03T19:03:45.249336" elapsed="0.066526"/>
</kw>
<kw name="Verificar Login Bem-Sucedido" owner="users_keywords">
<kw name="Wait For Elements State" owner="Browser">
<msg time="2025-07-03T19:03:45.535354" level="INFO">Waited for Element with selector text=Login realizado com sucesso! at state visible</msg>
<arg>text=Login realizado com sucesso!</arg>
<arg>visible</arg>
<arg>timeout=15s</arg>
<tag>PageContent</tag>
<tag>Wait</tag>
<doc>Waits for the element found by ``selector`` to satisfy state option.</doc>
<status status="PASS" start="2025-07-03T19:03:45.316828" elapsed="0.218745"/>
</kw>
<status status="PASS" start="2025-07-03T19:03:45.316241" elapsed="0.219486"/>
</kw>
<status status="PASS" start="2025-07-03T19:03:44.844502" elapsed="0.691588"/>
</test>
<test id="s1-t3" name="Cenário 03: Fazer uma reserva em uma sessão de um filme como usuário comum" line="26">
<kw name="Ir para a página de filmes em cartaz" owner="movies_keywords">
<kw name="Go To" owner="Browser">
<msg time="2025-07-03T19:03:45.672627" level="INFO">Successfully opened URL http://localhost:3002/movies</msg>
<arg>${BASE_URL}/movies</arg>
<tag>BrowserControl</tag>
<tag>Setter</tag>
<doc>Navigates to the given ``url``.</doc>
<status status="PASS" start="2025-07-03T19:03:45.570807" elapsed="0.102293"/>
</kw>
<status status="PASS" start="2025-07-03T19:03:45.570246" elapsed="0.103106"/>
</kw>
<kw name="Selecionar o primeiro filme em cartaz" owner="movies_keywords">
<kw name="Click" owner="Browser">
<msg time="2025-07-03T19:03:45.675545" level="INFO">Clicks the element 'css=.movie-card:first-child a.btn.btn-primary'.</msg>
<arg>css=.movie-card:first-child a.btn.btn-primary</arg>
<tag>PageContent</tag>
<tag>Setter</tag>
<doc>Simulates mouse click on the element found by ``selector``.</doc>
<status status="PASS" start="2025-07-03T19:03:45.674916" elapsed="0.224667"/>
</kw>
<status status="PASS" start="2025-07-03T19:03:45.674407" elapsed="0.225342"/>
</kw>
<kw name="Selecionar Sessão Do Filme" owner="movies_keywords">
<kw name="Click" owner="Browser">
<msg time="2025-07-03T19:03:45.901258" level="INFO">Clicks the element 'xpath=//*[@id="root"]/main/div/div/div/div[2]/div[5]/div/div[1]/div/div[1]/a'.</msg>
<arg>xpath=//*[@id="root"]/main/div/div/div/div[2]/div[5]/div/div[1]/div/div[1]/a</arg>
<tag>PageContent</tag>
<tag>Setter</tag>
<doc>Simulates mouse click on the element found by ``selector``.</doc>
<status status="PASS" start="2025-07-03T19:03:45.900743" elapsed="1.789115"/>
</kw>
<status status="PASS" start="2025-07-03T19:03:45.900165" elapsed="1.790100"/>
</kw>
<kw name="Selecionar assento" owner="movies_keywords">
<kw name="Click" owner="Browser">
<msg time="2025-07-03T19:03:47.694983" level="INFO">Clicks the element 'xpath=//*[@id="root"]/main/div/div/div[5]/div[1]/div[2]/button[1]'.</msg>
<msg time="2025-07-03T19:03:57.886402" level="INFO" html="true">&lt;/td&gt;&lt;/tr&gt;&lt;tr&gt;&lt;td colspan="3"&gt;&lt;a href="browser/screenshot/fail-screenshot-1.png" target="_blank"&gt;&lt;img src="browser/screenshot/fail-screenshot-1.png" width="800px"/&gt;&lt;/a&gt;</msg>
<msg time="2025-07-03T19:03:57.886676" level="INFO">See also file:///C:/Users/breme/OneDrive/%C3%81rea%20de%20Trabalho/ChallengeFinal-Compass/ChallengeFinal-Compass/frontend-tests/results/playwright-log.txt for additional details.</msg>
<msg time="2025-07-03T19:03:57.887238" level="FAIL">TimeoutError: locator.click: Timeout 10000ms exceeded.
Call log:
  - waiting for locator('//*[@id="root"]/main/div/div/div[5]/div[1]/div[2]/button[1]')
    - locator resolved to &lt;button disabled class="seat occupied" title="Fileira A, Assento 1 - Status: occupied"&gt;…&lt;/button&gt;
  - attempting click action
    2 × waiting for element to be visible, enabled and stable
      - element is not enabled
    - retrying click action
    - waiting 20ms
    2 × waiting for element to be visible, enabled and stable
      - element is not enabled
    - retrying click action
      - waiting 100ms
    19 × waiting for element to be visible, enabled and stable
       - element is not enabled
     - retrying click action
       - waiting 500ms
</msg>
<arg>xpath=//*[@id="root"]/main/div/div/div[5]/div[1]/div[2]/button[1]</arg>
<tag>PageContent</tag>
<tag>Setter</tag>
<doc>Simulates mouse click on the element found by ``selector``.</doc>
<status status="FAIL" start="2025-07-03T19:03:47.693655" elapsed="10.201521">TimeoutError: locator.click: Timeout 10000ms exceeded.
Call log:
  - waiting for locator('//*[@id="root"]/main/div/div/div[5]/div[1]/div[2]/button[1]')
    - locator resolved to &lt;button disabled class="seat occupied" title="Fileira A, Assento 1 - Status: occupied"&gt;…&lt;/button&gt;
  - attempting click action
    2 × waiting for element to be visible, enabled and stable
      - element is not enabled
    - retrying click action
    - waiting 20ms
    2 × waiting for element to be visible, enabled and stable
      - element is not enabled
    - retrying click action
      - waiting 100ms
    19 × waiting for element to be visible, enabled and stable
       - element is not enabled
     - retrying click action
       - waiting 500ms
</status>
</kw>
<status status="FAIL" start="2025-07-03T19:03:47.692554" elapsed="10.202970">TimeoutError: locator.click: Timeout 10000ms exceeded.
Call log:
  - waiting for locator('//*[@id="root"]/main/div/div/div[5]/div[1]/div[2]/button[1]')
    - locator resolved to &lt;button disabled class="seat occupied" title="Fileira A, Assento 1 - Status: occupied"&gt;…&lt;/button&gt;
  - attempting click action
    2 × waiting for element to be visible, enabled and stable
      - element is not enabled
    - retrying click action
    - waiting 20ms
    2 × waiting for element to be visible, enabled and stable
      - element is not enabled
    - retrying click action
      - waiting 100ms
    19 × waiting for element to be visible, enabled and stable
       - element is not enabled
     - retrying click action
       - waiting 500ms
</status>
</kw>
<kw name="Confirmar Pagamento" owner="movies_keywords">
<status status="NOT RUN" start="2025-07-03T19:03:57.895982" elapsed="0.000129"/>
</kw>
<kw name="Finalizar Compra" owner="movies_keywords">
<status status="NOT RUN" start="2025-07-03T19:03:57.896309" elapsed="0.000082"/>
</kw>
<kw name="Verificar Reserva Bem Sucedida" owner="movies_keywords">
<status status="NOT RUN" start="2025-07-03T19:03:57.896544" elapsed="0.000066"/>
</kw>
<status status="FAIL" start="2025-07-03T19:03:45.561810" elapsed="12.334993">TimeoutError: locator.click: Timeout 10000ms exceeded.
Call log:
  - waiting for locator('//*[@id="root"]/main/div/div/div[5]/div[1]/div[2]/button[1]')
    - locator resolved to &lt;button disabled class="seat occupied" title="Fileira A, Assento 1 - Status: occupied"&gt;…&lt;/button&gt;
  - attempting click action
    2 × waiting for element to be visible, enabled and stable
      - element is not enabled
    - retrying click action
    - waiting 20ms
    2 × waiting for element to be visible, enabled and stable
      - element is not enabled
    - retrying click action
      - waiting 100ms
    19 × waiting for element to be visible, enabled and stable
       - element is not enabled
     - retrying click action
       - waiting 500ms
</status>
</test>
<test id="s1-t4" name="Cenário 04: Ver os filmes de cartaz" line="35">
<kw name="Ir Para Página Inicial" owner="movies_keywords">
<kw name="Go To" owner="Browser">
<msg time="2025-07-03T19:03:58.036045" level="INFO">Successfully opened URL http://localhost:3002/</msg>
<arg>http://localhost:3002/</arg>
<tag>BrowserControl</tag>
<tag>Setter</tag>
<doc>Navigates to the given ``url``.</doc>
<status status="PASS" start="2025-07-03T19:03:57.913801" elapsed="0.122566"/>
</kw>
<status status="PASS" start="2025-07-03T19:03:57.913393" elapsed="0.123131"/>
</kw>
<kw name="Clicar Botao Ver Filmes Em Cartaz">
<msg time="2025-07-03T19:03:58.039445" level="FAIL">No keyword with name 'Clicar Botao Ver Filmes Em Cartaz' found.</msg>
<status status="FAIL" start="2025-07-03T19:03:58.038663" elapsed="0.000898">No keyword with name 'Clicar Botao Ver Filmes Em Cartaz' found.</status>
</kw>
<kw name="Verificar Lista De Filmes Em Cartaz Está Visível" owner="movies_keywords">
<status status="NOT RUN" start="2025-07-03T19:03:58.045778" elapsed="0.000485"/>
</kw>
<status status="FAIL" start="2025-07-03T19:03:57.907777" elapsed="0.138800">No keyword with name 'Clicar Botao Ver Filmes Em Cartaz' found.</status>
</test>
<test id="s1-t5" name="Cenário 05: Verificar minhas reservas atuais" line="40">
<kw name="Ir para a página de minhas reservas" owner="reservation_keywords">
<kw name="Go To" owner="Browser">
<msg time="2025-07-03T19:03:58.197258" level="INFO">Successfully opened URL http://localhost:3002/reservations</msg>
<arg>${BASE_URL}/reservations</arg>
<tag>BrowserControl</tag>
<tag>Setter</tag>
<doc>Navigates to the given ``url``.</doc>
<status status="PASS" start="2025-07-03T19:03:58.087347" elapsed="0.110201"/>
</kw>
<status status="PASS" start="2025-07-03T19:03:58.086603" elapsed="0.111137"/>
</kw>
<kw name="Verificar Lista De Reservas" owner="reservation_keywords">
<kw name="Run Keyword And Ignore Error" owner="BuiltIn">
<kw name="Wait For Elements State" owner="Browser">
<msg time="2025-07-03T19:04:03.449865" level="INFO" html="true">&lt;/td&gt;&lt;/tr&gt;&lt;tr&gt;&lt;td colspan="3"&gt;&lt;a href="browser/screenshot/fail-screenshot-2.png" target="_blank"&gt;&lt;img src="browser/screenshot/fail-screenshot-2.png" width="800px"/&gt;&lt;/a&gt;</msg>
<msg time="2025-07-03T19:04:03.450081" level="INFO">See also file:///C:/Users/breme/OneDrive/%C3%81rea%20de%20Trabalho/ChallengeFinal-Compass/ChallengeFinal-Compass/frontend-tests/results/playwright-log.txt for additional details.</msg>
<msg time="2025-07-03T19:04:03.450251" level="FAIL">TimeoutError: locator.waitFor: Timeout 5000ms exceeded.
Call log:
  - waiting for locator('//h1[text()="Minhas Reservas"]') to be visible
</msg>
<arg>xpath=//h1[text()="Minhas Reservas"]</arg>
<arg>visible</arg>
<arg>timeout=5s</arg>
<tag>PageContent</tag>
<tag>Wait</tag>
<doc>Waits for the element found by ``selector`` to satisfy state option.</doc>
<status status="FAIL" start="2025-07-03T19:03:58.199259" elapsed="5.253600">TimeoutError: locator.waitFor: Timeout 5000ms exceeded.
Call log:
  - waiting for locator('//h1[text()="Minhas Reservas"]') to be visible
</status>
</kw>
<msg time="2025-07-03T19:04:03.453131" level="INFO">${resultado} = ('FAIL', 'TimeoutError: locator.waitFor: Timeout 5000ms exceeded.\nCall log:\n  - waiting for locator(\'//h1[text()="Minhas Reservas"]\') to be visible\n')</msg>
<var>${resultado}</var>
<arg>Wait For Elements State</arg>
<arg>xpath=//h1[text()="Minhas Reservas"]</arg>
<arg>visible</arg>
<arg>timeout=5s</arg>
<doc>Runs the given keyword with the given arguments and ignores possible error.</doc>
<status status="PASS" start="2025-07-03T19:03:58.198866" elapsed="5.254309"/>
</kw>
<kw name="Run Keyword If" owner="BuiltIn">
<kw name="Verificar Redirecionamento Para Pagina Inicial" owner="reservation_keywords">
<kw name="Get Location">
<msg time="2025-07-03T19:04:03.457028" level="FAIL">No keyword with name 'Get Location' found.</msg>
<var>${url}</var>
<status status="FAIL" start="2025-07-03T19:04:03.456778" elapsed="0.000376">No keyword with name 'Get Location' found.</status>
</kw>
<kw name="Should Be Equal" owner="BuiltIn">
<arg>${url}</arg>
<arg>http://localhost:3002/</arg>
<doc>Fails if the given objects are unequal.</doc>
<status status="NOT RUN" start="2025-07-03T19:04:03.457408" elapsed="0.000160"/>
</kw>
<status status="FAIL" start="2025-07-03T19:04:03.454025" elapsed="0.003707">No keyword with name 'Get Location' found.</status>
</kw>
<arg>'${resultado}[0]' == 'PASS'</arg>
<arg>Verificar Titulo Minhas Reservas</arg>
<arg>ELSE</arg>
<arg>Verificar Redirecionamento Para Pagina Inicial</arg>
<doc>Runs the given keyword with the given arguments, if ``condition`` is true.</doc>
<status status="FAIL" start="2025-07-03T19:04:03.453390" elapsed="0.004409">No keyword with name 'Get Location' found.</status>
</kw>
<status status="FAIL" start="2025-07-03T19:03:58.198284" elapsed="5.259630">No keyword with name 'Get Location' found.</status>
</kw>
<kw name="Verificar Titulo Minhas Reservas" owner="reservation_keywords">
<status status="NOT RUN" start="2025-07-03T19:04:03.458284" elapsed="0.000149"/>
</kw>
<kw name="Verificar Redirecionamento Para Pagina Inicial" owner="reservation_keywords">
<status status="NOT RUN" start="2025-07-03T19:04:03.458702" elapsed="0.000123"/>
</kw>
<status status="FAIL" start="2025-07-03T19:03:58.080973" elapsed="5.378064">No keyword with name 'Get Location' found.</status>
</test>
<kw name="Fechar Navegador" owner="base" type="TEARDOWN">
<kw name="Close Browser" owner="Browser">
<msg time="2025-07-03T19:04:04.002951" level="INFO">Closed browser</msg>
<tag>BrowserControl</tag>
<tag>Setter</tag>
<doc>Closes the current browser.</doc>
<status status="PASS" start="2025-07-03T19:04:03.467048" elapsed="0.536227"/>
</kw>
<status status="PASS" start="2025-07-03T19:04:03.466444" elapsed="0.537026"/>
</kw>
<status status="FAIL" start="2025-07-03T19:03:41.453412" elapsed="22.550139"/>
</suite>
<statistics>
<total>
<stat pass="2" fail="3" skip="0">All Tests</stat>
</total>
<tag>
</tag>
<suite>
<stat name="Tests Suite Front" id="s1" pass="2" fail="3" skip="0">Tests Suite Front</stat>
</suite>
</statistics>
<errors>
</errors>
</robot>
